# JRE version: OpenJDK Runtime Environment (26.0+35) (build 26+35-2893)
# Java VM: OpenJDK 64-Bit Server VM (26+35-2893, mixed mode, sharing, tiered, compressed oops, compressed class ptrs, g1 gc, windows-amd64)
GC Precious Log:
 CardTable entry size: 512
 Card Set container configuration: InlinePtr #cards 5 size 8 Array Of Cards #cards 10 size 36 Howl #buckets 4 coarsen threshold 1843 Howl Bitmap #cards 512 size 80 coarsen threshold 460 Card regions per heap region 1 cards per card region 2048
 CPUs: 4 total, 4 available
 Memory: 8025M
 Large Page Support: Disabled
 NUMA Support: Disabled
 Compressed Oops: Enabled (32-bit)
 Heap Region Size: 1M
 Heap Min Capacity: 256M
 Heap Initial Capacity: 256M
 Heap Max Capacity: 512M
 Pre-touch: Disabled
 Parallel Workers: 4
 Concurrent Workers: 1
 Concurrent Refinement Workers: 4
 Periodic GC: Disabled
Heap:
 garbage-first heap   total reserved 524288K, committed 262144K, used 231600K [0x00000000e0000000, 0x0000000100000000)
  region size 1M, 138 eden (138M), 5 survivor (5M), 76 old (76M), 9 humongous (9M), 28 free (28M)
GC Heap Usage History (20 events):
Event: 9.769 {heap Before GC invocations=5 (full 0):
 garbage-first heap   total reserved 524288K, committed 264192K, used 34160K [0x00000000e0000000, 0x0000000100000000)
  region size 1M, 4 eden (4M), 8 survivor (8M), 19 old (19M), 5 humongous (5M), 222 free (222M)
}
Event: 9.778 {heap After GC invocations=6 (full 0):
 garbage-first heap   total reserved 524288K, committed 264192K, used 31992K [0x00000000e0000000, 0x0000000100000000)
  region size 1M, 0 eden (0M), 9 survivor (9M), 18 old (18M), 5 humongous (5M), 226 free (226M)
}
Event: 9.802 {heap Before GC invocations=6 (full 0):
 garbage-first heap   total reserved 524288K, committed 264192K, used 33016K [0x00000000e0000000, 0x0000000100000000)
  region size 1M, 2 eden (2M), 9 survivor (9M), 18 old (18M), 5 humongous (5M), 224 free (224M)
}
Event: 9.812 {heap After GC invocations=7 (full 0):
 garbage-first heap   total reserved 524288K, committed 264192K, used 32500K [0x00000000e0000000, 0x0000000100000000)
  region size 1M, 0 eden (0M), 9 survivor (9M), 18 old (18M), 5 humongous (5M), 226 free (226M)
}
Event: 13.185 {heap Before GC invocations=8 (full 0):
 garbage-first heap   total reserved 524288K, committed 264192K, used 179956K [0x00000000e0000000, 0x0000000100000000)
  region size 1M, 144 eden (144M), 9 survivor (9M), 18 old (18M), 5 humongous (5M), 82 free (82M)
}
Event: 13.213 {heap After GC invocations=9 (full 0):
 garbage-first heap   total reserved 524288K, committed 264192K, used 43914K [0x00000000e0000000, 0x0000000100000000)
  region size 1M, 0 eden (0M), 20 survivor (20M), 18 old (18M), 5 humongous (5M), 215 free (215M)
}
Event: 17.539 {heap Before GC invocations=9 (full 0):
 garbage-first heap   total reserved 524288K, committed 264192K, used 145290K [0x00000000e0000000, 0x0000000100000000)
  region size 1M, 101 eden (101M), 20 survivor (20M), 18 old (18M), 5 humongous (5M), 114 free (114M)
}
Event: 17.574 {heap After GC invocations=10 (full 0):
 garbage-first heap   total reserved 524288K, committed 264192K, used 51200K [0x00000000e0000000, 0x0000000100000000)
  region size 1M, 0 eden (0M), 8 survivor (8M), 37 old (37M), 5 humongous (5M), 208 free (208M)
}
Event: 17.637 {heap Before GC invocations=10 (full 0):
 garbage-first heap   total reserved 524288K, committed 264192K, used 55296K [0x00000000e0000000, 0x0000000100000000)
  region size 1M, 5 eden (5M), 8 survivor (8M), 37 old (37M), 5 humongous (5M), 203 free (203M)
}
Event: 17.645 {heap After GC invocations=11 (full 0):
 garbage-first heap   total reserved 524288K, committed 264192K, used 50176K [0x00000000e0000000, 0x0000000100000000)
  region size 1M, 0 eden (0M), 7 survivor (7M), 37 old (37M), 5 humongous (5M), 209 free (209M)
}
Event: 22.033 {heap Before GC invocations=12 (full 0):
 garbage-first heap   total reserved 524288K, committed 264192K, used 201728K [0x00000000e0000000, 0x0000000100000000)
  region size 1M, 146 eden (146M), 7 survivor (7M), 37 old (37M), 7 humongous (7M), 61 free (61M)
}
Event: 22.058 {heap After GC invocations=13 (full 0):
 garbage-first heap   total reserved 524288K, committed 262144K, used 65712K [0x00000000e0000000, 0x0000000100000000)
  region size 1M, 0 eden (0M), 20 survivor (20M), 38 old (38M), 7 humongous (7M), 191 free (191M)
}
Event: 24.118 {heap Before GC invocations=13 (full 0):
 garbage-first heap   total reserved 524288K, committed 262144K, used 200880K [0x00000000e0000000, 0x0000000100000000)
  region size 1M, 133 eden (133M), 20 survivor (20M), 38 old (38M), 7 humongous (7M), 58 free (58M)
}
Event: 24.161 {heap After GC invocations=14 (full 0):
 garbage-first heap   total reserved 524288K, committed 262144K, used 75314K [0x00000000e0000000, 0x0000000100000000)
  region size 1M, 0 eden (0M), 12 survivor (12M), 56 old (56M), 7 humongous (7M), 181 free (181M)
}
Event: 114.254 {heap Before GC invocations=14 (full 0):
 garbage-first heap   total reserved 524288K, committed 262144K, used 220722K [0x00000000e0000000, 0x0000000100000000)
  region size 1M, 141 eden (141M), 12 survivor (12M), 56 old (56M), 9 humongous (9M), 38 free (38M)
}
Event: 114.284 {heap After GC invocations=15 (full 0):
 garbage-first heap   total reserved 524288K, committed 262144K, used 89776K [0x00000000e0000000, 0x0000000100000000)
  region size 1M, 0 eden (0M), 13 survivor (13M), 67 old (67M), 9 humongous (9M), 167 free (167M)
}
Event: 143.915 {heap Before GC invocations=15 (full 0):
 garbage-first heap   total reserved 524288K, committed 262144K, used 223920K [0x00000000e0000000, 0x0000000100000000)
  region size 1M, 131 eden (131M), 13 survivor (13M), 67 old (67M), 9 humongous (9M), 36 free (36M)
}
Event: 143.946 {heap After GC invocations=16 (full 0):
 garbage-first heap   total reserved 524288K, committed 262144K, used 91312K [0x00000000e0000000, 0x0000000100000000)
  region size 1M, 0 eden (0M), 5 survivor (5M), 76 old (76M), 9 humongous (9M), 166 free (166M)
}
Event: 291.650 {heap Before GC invocations=17 (full 0):
 garbage-first heap   total reserved 524288K, committed 262144K, used 228528K [0x00000000e0000000, 0x0000000100000000)
  region size 1M, 134 eden (134M), 5 survivor (5M), 76 old (76M), 9 humongous (9M), 32 free (32M)
}
Event: 291.658 {heap After GC invocations=18 (full 0):
 garbage-first heap   total reserved 524288K, committed 262144K, used 91312K [0x00000000e0000000, 0x0000000100000000)
  region size 1M, 0 eden (0M), 5 survivor (5M), 76 old (76M), 9 humongous (9M), 166 free (166M)
}

